\BOOKMARK [0][-]{chapter*.1}{\376\377\000L\036\335\000i\000\040\000c\000a\000m\000\040\000k\036\277\000t}{}% 1
\BOOKMARK [0][-]{chapter*.2}{\376\377\000L\036\335\000i\000\040\000c\036\243\000m\000\040\001\241\000n}{}% 2
\BOOKMARK [0][-]{chapter*.3}{\376\377\000T\000\363\000m\000\040\000t\036\257\000t\000\040\000n\036\331\000i\000\040\000d\000u\000n\000g\000\040\001\021\036\323\000\040\000\341\000n}{}% 3
\BOOKMARK [0][-]{chapter*.4}{\376\377\000A\000b\000s\000t\000r\000a\000c\000t}{}% 4
\BOOKMARK [0][-]{chapter*.5}{\376\377\000D\000a\000n\000h\000\040\000m\036\345\000c\000\040\000h\000\354\000n\000h\000\040\000v\036\275}{}% 5
\BOOKMARK [0][-]{chapter*.6}{\376\377\000D\000a\000n\000h\000\040\000m\036\345\000c\000\040\000b\036\243\000n\000g}{}% 6
\BOOKMARK [0][-]{chapter*.8}{\376\377\000D\000a\000n\000h\000\040\000m\036\345\000c\000\040\000c\000\341\000c\000\040\000t\036\353\000\040\000v\000i\036\277\000t\000\040\000t\036\257\000t}{}% 7
\BOOKMARK [0][-]{chapter.1}{\376\377\0001\000\040\000G\000i\036\333\000i\000\040\000t\000h\000i\036\307\000u\000\040\001\021\036\301\000\040\000t\000\340\000i}{}% 8
\BOOKMARK [1][-]{section.1.1}{\376\377\0001\000.\0001\000\040\001\020\036\267\000t\000\040\000v\036\245\000n\000\040\001\021\036\301}{chapter.1}% 9
\BOOKMARK [1][-]{section.1.2}{\376\377\0001\000.\0002\000\040\000M\036\345\000c\000\040\000t\000i\000\352\000u\000\040\000v\000\340\000\040\000p\000h\036\241\000m\000\040\000v\000i\000\040\001\021\036\301\000\040\000t\000\340\000i}{chapter.1}% 10
\BOOKMARK [2][-]{subsection.1.2.1}{\376\377\0001\000.\0002\000.\0001\000\040\000M\036\345\000c\000\040\000t\000i\000\352\000u}{section.1.2}% 11
\BOOKMARK [2][-]{subsection.1.2.2}{\376\377\0001\000.\0002\000.\0002\000\040\000P\000h\036\241\000m\000\040\000v\000i}{section.1.2}% 12
\BOOKMARK [1][-]{section.1.3}{\376\377\0001\000.\0003\000\040\001\020\036\313\000n\000h\000\040\000h\001\260\036\333\000n\000g\000\040\000g\000i\036\243\000i\000\040\000p\000h\000\341\000p}{chapter.1}% 13
\BOOKMARK [1][-]{section.1.4}{\376\377\0001\000.\0004\000\040\000B\036\321\000\040\000c\036\345\000c\000\040\001\021\036\323\000\040\000\341\000n}{chapter.1}% 14
\BOOKMARK [0][-]{chapter.2}{\376\377\0002\000\040\000K\000h\036\243\000o\000\040\000s\000\341\000t\000\040\000v\000\340\000\040\000p\000h\000\342\000n\000\040\000t\000\355\000c\000h\000\040\000y\000\352\000u\000\040\000c\036\247\000u}{}% 15
\BOOKMARK [1][-]{section.2.1}{\376\377\0002\000.\0001\000\040\000K\000h\036\243\000o\000\040\000s\000\341\000t\000\040\000h\000i\036\307\000n\000\040\000t\000r\036\241\000n\000g}{chapter.2}% 16
\BOOKMARK [2][-]{subsection.2.1.1}{\376\377\0002\000.\0001\000.\0001\000\040\000S\000o\000\040\000s\000\341\000n\000h\000\040\000c\000\341\000c\000\040\000k\000\352\000n\000h\000\040\000b\000\341\000n\000\040\000h\000\340\000n\000g\000\040\000h\000i\036\307\000n\000\040\000n\000a\000y}{section.2.1}% 17
\BOOKMARK [1][-]{section.2.2}{\376\377\0002\000.\0002\000\040\000T\036\325\000n\000g\000\040\000q\000u\000a\000n\000\040\000c\000h\036\351\000c\000\040\000n\001\003\000n\000g}{chapter.2}% 18
\BOOKMARK [2][-]{subsection.2.2.1}{\376\377\0002\000.\0002\000.\0001\000\040\000B\000i\036\303\000u\000\040\001\021\036\323\000\040\000u\000s\000e\000\040\000c\000a\000s\000e\000\040\000t\036\325\000n\000g\000\040\000q\000u\000a\000n}{section.2.2}% 19
\BOOKMARK [2][-]{subsection.2.2.2}{\376\377\0002\000.\0002\000.\0002\000\040\000B\000i\036\303\000u\000\040\001\021\036\323\000\040\000c\000\341\000c\000\040\000c\000a\000\040\000s\036\355\000\040\000d\036\345\000n\000g\000\040\000k\000h\000\341\000c\000h\000\040\000h\000\340\000n\000g}{section.2.2}% 20
\BOOKMARK [2][-]{subsection.2.2.3}{\376\377\0002\000.\0002\000.\0003\000\040\000B\000i\036\303\000u\000\040\001\021\036\323\000\040\000c\000\341\000c\000\040\000c\000a\000\040\000s\036\355\000\040\000d\036\345\000n\000g\000\040\000q\000u\036\243\000n\000\040\000t\000r\036\313\000\040\000v\000i\000\352\000n}{section.2.2}% 21
\BOOKMARK [2][-]{subsection.2.2.4}{\376\377\0002\000.\0002\000.\0004\000\040\000P\000h\000\342\000n\000\040\000t\000\355\000c\000h\000\040\000q\000u\000y\000\040\000t\000r\000\354\000n\000h\000\040\000n\000g\000h\000i\036\307\000p\000\040\000v\036\345}{section.2.2}% 22
\BOOKMARK [1][-]{section.2.3}{\376\377\0002\000.\0003\000\040\001\020\036\267\000c\000\040\000t\036\243\000\040\000c\000h\036\351\000c\000\040\000n\001\003\000n\000g}{chapter.2}% 23
\BOOKMARK [2][-]{subsection.2.3.1}{\376\377\0002\000.\0003\000.\0001\000\040\000C\000\341\000c\000\040\000c\000a\000\040\000s\036\355\000\040\000d\036\345\000n\000g\000\040\000c\036\347\000a\000\040\000n\000g\001\260\036\335\000i\000\040\000m\000u\000a}{section.2.3}% 24
\BOOKMARK [2][-]{subsection.2.3.2}{\376\377\0002\000.\0003\000.\0002\000\040\000C\000\341\000c\000\040\000c\000a\000\040\000s\036\355\000\040\000d\036\345\000n\000g\000\040\000c\036\347\000a\000\040\000n\000g\001\260\036\335\000i\000\040\000q\000u\036\243\000n\000\040\000t\000r\036\313}{section.2.3}% 25
\BOOKMARK [1][-]{section.2.4}{\376\377\0002\000.\0004\000\040\001\020\036\267\000c\000\040\000t\036\243\000\040\000c\000h\000i\000\040\000t\000i\036\277\000t\000\040\000c\000\341\000c\000\040\000c\000a\000\040\000s\036\355\000\040\000d\036\345\000n\000g\000\040\000c\036\347\000a\000\040\000K\000h\000\341\000c\000h\000\040\000h\000\340\000n\000g}{chapter.2}% 26
\BOOKMARK [2][-]{subsection.2.4.1}{\376\377\0002\000.\0004\000.\0001\000\040\001\020\036\267\000c\000\040\000t\036\243\000\040\000u\000s\000e\000\040\000c\000a\000s\000e\000\040\000`\000`\001\020\001\003\000n\000g\000\040\000k\000\375\000'\000'}{section.2.4}% 27
\BOOKMARK [2][-]{subsection.2.4.2}{\376\377\0002\000.\0004\000.\0002\000\040\001\020\036\267\000c\000\040\000t\036\243\000\040\000u\000s\000e\000\040\000c\000a\000s\000e\000\040\000`\000`\001\020\001\003\000n\000g\000\040\000n\000h\036\255\000p\000'\000'}{section.2.4}% 28
\BOOKMARK [2][-]{subsection.2.4.3}{\376\377\0002\000.\0004\000.\0003\000\040\001\020\036\267\000c\000\040\000t\036\243\000\040\000u\000s\000e\000\040\000c\000a\000s\000e\000\040\000`\000`\000T\000\354\000m\000\040\000k\000i\036\277\000m\000\040\000s\036\243\000n\000\040\000p\000h\036\251\000m\000'\000'}{section.2.4}% 29
\BOOKMARK [2][-]{subsection.2.4.4}{\376\377\0002\000.\0004\000.\0004\000\040\001\020\036\267\000c\000\040\000t\036\243\000\040\000u\000s\000e\000\040\000c\000a\000s\000e\000\040\000`\000`\000L\036\315\000c\000\040\000d\000a\000n\000h\000\040\000s\000\341\000c\000h\000\040\000s\036\243\000n\000\040\000p\000h\036\251\000m\000'\000'}{section.2.4}% 30
\BOOKMARK [2][-]{subsection.2.4.5}{\376\377\0002\000.\0004\000.\0005\000\040\001\020\036\267\000c\000\040\000t\036\243\000\040\000u\000s\000e\000\040\000c\000a\000s\000e\000\040\000`\000`\000Q\000u\036\243\000n\000\040\000l\000\375\000\040\000g\000i\036\317\000\040\000h\000\340\000n\000g\000'\000'}{section.2.4}% 31
\BOOKMARK [2][-]{subsection.2.4.6}{\376\377\0002\000.\0004\000.\0006\000\040\001\020\036\267\000c\000\040\000t\036\243\000\040\000u\000s\000e\000\040\000c\000a\000s\000e\000\040\000`\000`\000Q\000u\036\243\000n\000\040\000l\000\375\000\040\000d\000a\000n\000h\000\040\000s\000\341\000c\000h\000\040\000y\000\352\000u\000\040\000t\000h\000\355\000c\000h\000'\000'}{section.2.4}% 32
\BOOKMARK [2][-]{subsection.2.4.7}{\376\377\0002\000.\0004\000.\0007\000\040\001\020\036\267\000c\000\040\000t\036\243\000\040\000u\000s\000e\000\040\000c\000a\000s\000e\000\040\000`\000`\000S\000o\000\040\000s\000\341\000n\000h\000\040\000s\036\243\000n\000\040\000p\000h\036\251\000m\000'\000'}{section.2.4}% 33
\BOOKMARK [2][-]{subsection.2.4.8}{\376\377\0002\000.\0004\000.\0008\000\040\001\020\036\267\000c\000\040\000t\036\243\000\040\000u\000s\000e\000\040\000c\000a\000s\000e\000\040\000`\000`\000T\036\241\000o\000\040\001\021\001\241\000n\000\040\000h\000\340\000n\000g\000'\000'}{section.2.4}% 34
\BOOKMARK [2][-]{subsection.2.4.9}{\376\377\0002\000.\0004\000.\0009\000\040\001\020\036\267\000c\000\040\000t\036\243\000\040\000u\000s\000e\000\040\000c\000a\000s\000e\000\040\000`\000`\001\020\036\267\000t\000\040\000h\000\340\000n\000g\000'\000'}{section.2.4}% 35
\BOOKMARK [2][-]{subsection.2.4.10}{\376\377\0002\000.\0004\000.\0001\0000\000\040\001\020\036\267\000c\000\040\000t\036\243\000\040\000u\000s\000e\000\040\000c\000a\000s\000e\000\040\000`\000`\000T\000h\000a\000n\000h\000\040\000t\000o\000\341\000n\000\040\001\021\001\241\000n\000\040\000h\000\340\000n\000g\000'\000'}{section.2.4}% 36
\BOOKMARK [2][-]{subsection.2.4.11}{\376\377\0002\000.\0004\000.\0001\0001\000\040\001\020\036\267\000c\000\040\000t\036\243\000\040\000u\000s\000e\000\040\000c\000a\000s\000e\000\040\000`\000`\000H\036\347\000y\000\040\001\021\001\241\000n\000\040\000h\000\340\000n\000g\000'\000'}{section.2.4}% 37
\BOOKMARK [2][-]{subsection.2.4.12}{\376\377\0002\000.\0004\000.\0001\0002\000\040\001\020\036\267\000c\000\040\000t\036\243\000\040\000u\000s\000e\000\040\000c\000a\000s\000e\000\040\000`\000`\000X\000e\000m\000\040\000l\036\313\000c\000h\000\040\000s\036\355\000\040\001\021\001\241\000n\000\040\000h\000\340\000n\000g\000'\000'}{section.2.4}% 38
\BOOKMARK [2][-]{subsection.2.4.13}{\376\377\0002\000.\0004\000.\0001\0003\000\040\001\020\036\267\000c\000\040\000t\036\243\000\040\000u\000s\000e\000\040\000c\000a\000s\000e\000\040\000`\000`\000Y\000\352\000u\000\040\000c\036\247\000u\000\040\001\021\036\325\000i\000/\000t\000r\036\243\000\040\000h\000\340\000n\000g\000'\000'}{section.2.4}% 39
\BOOKMARK [2][-]{subsection.2.4.14}{\376\377\0002\000.\0004\000.\0001\0004\000\040\001\020\036\267\000c\000\040\000t\036\243\000\040\000u\000s\000e\000\040\000c\000a\000s\000e\000\040\000`\000`\001\020\000\341\000n\000h\000\040\000g\000i\000\341\000,\000\040\000b\000\354\000n\000h\000\040\000l\000u\036\255\000n\000\040\000s\036\243\000n\000\040\000p\000h\036\251\000m\000'\000'}{section.2.4}% 40
\BOOKMARK [2][-]{subsection.2.4.15}{\376\377\0002\000.\0004\000.\0001\0005\000\040\001\020\036\267\000c\000\040\000t\036\243\000\040\000u\000s\000e\000\040\000c\000a\000s\000e\000\040\000`\000`\001\020\001\003\000n\000g\000\040\000x\000u\036\245\000t\000'\000'}{section.2.4}% 41
\BOOKMARK [2][-]{subsection.2.4.16}{\376\377\0002\000.\0004\000.\0001\0006\000\040\001\020\036\267\000c\000\040\000t\036\243\000\040\000u\000s\000e\000\040\000c\000a\000s\000e\000\040\000`\000`\000X\000e\000m\000\040\000d\000a\000n\000h\000\040\000s\000\341\000c\000h\000\040\000s\036\243\000n\000\040\000p\000h\036\251\000m\000'\000'}{section.2.4}% 42
\BOOKMARK [2][-]{subsection.2.4.17}{\376\377\0002\000.\0004\000.\0001\0007\000\040\001\020\036\267\000c\000\040\000t\036\243\000\040\000u\000s\000e\000\040\000c\000a\000s\000e\000\040\000`\000`\000X\000e\000m\000\040\000c\000h\000i\000\040\000t\000i\036\277\000t\000\040\000s\036\243\000n\000\040\000p\000h\036\251\000m\000'\000'}{section.2.4}% 43
\BOOKMARK [2][-]{subsection.2.4.18}{\376\377\0002\000.\0004\000.\0001\0008\000\040\001\020\036\267\000c\000\040\000t\036\243\000\040\000u\000s\000e\000\040\000c\000a\000s\000e\000\040\000`\000`\000\301\000p\000\040\000d\036\345\000n\000g\000\040\000m\000\343\000\040\000g\000i\036\243\000m\000\040\000g\000i\000\341\000'\000'}{section.2.4}% 44
\BOOKMARK [2][-]{subsection.2.4.19}{\376\377\0002\000.\0004\000.\0001\0009\000\040\001\020\036\267\000c\000\040\000t\036\243\000\040\000u\000s\000e\000\040\000c\000a\000s\000e\000\040\000`\000`\000Q\000u\036\243\000n\000\040\000l\000\375\000\040\000t\000h\000\364\000n\000g\000\040\000t\000i\000n\000\040\000c\000\341\000\040\000n\000h\000\342\000n\000'\000'}{section.2.4}% 45
\BOOKMARK [2][-]{subsection.2.4.20}{\376\377\0002\000.\0004\000.\0002\0000\000\040\001\020\036\267\000c\000\040\000t\036\243\000\040\000u\000s\000e\000\040\000c\000a\000s\000e\000\040\000`\000`\000Q\000u\036\243\000n\000\040\000l\000\375\000\040\001\021\036\313\000a\000\040\000c\000h\036\311\000\040\000g\000i\000a\000o\000\040\000h\000\340\000n\000g\000'\000'}{section.2.4}% 46
\BOOKMARK [1][-]{section.2.5}{\376\377\0002\000.\0005\000\040\001\020\036\267\000c\000\040\000t\036\243\000\040\000c\000h\000i\000\040\000t\000i\036\277\000t\000\040\000c\000\341\000c\000\040\000c\000a\000\040\000s\036\355\000\040\000d\036\345\000n\000g\000\040\000c\036\347\000a\000\040\000Q\000u\036\243\000n\000\040\000t\000r\036\313\000\040\000v\000i\000\352\000n}{chapter.2}% 47
\BOOKMARK [2][-]{subsection.2.5.1}{\376\377\0002\000.\0005\000.\0001\000\040\001\020\036\267\000c\000\040\000t\036\243\000\040\000u\000s\000e\000\040\000c\000a\000s\000e\000\040\000`\000`\000Q\000u\036\243\000n\000\040\000l\000\375\000\040\000s\036\243\000n\000\040\000p\000h\036\251\000m\000'\000'}{section.2.5}% 48
\BOOKMARK [2][-]{subsection.2.5.2}{\376\377\0002\000.\0005\000.\0002\000\040\001\020\036\267\000c\000\040\000t\036\243\000\040\000u\000s\000e\000\040\000c\000a\000s\000e\000\040\000`\000`\000Q\000u\036\243\000n\000\040\000l\000\375\000\040\001\021\001\241\000n\000\040\000h\000\340\000n\000g\000'\000'}{section.2.5}% 49
\BOOKMARK [2][-]{subsection.2.5.3}{\376\377\0002\000.\0005\000.\0003\000\040\001\020\036\267\000c\000\040\000t\036\243\000\040\000u\000s\000e\000\040\000c\000a\000s\000e\000\040\000`\000`\000Q\000u\036\243\000n\000\040\000l\000\375\000\040\000m\000\343\000\040\000g\000i\036\243\000m\000\040\000g\000i\000\341\000'\000'}{section.2.5}% 50
\BOOKMARK [2][-]{subsection.2.5.4}{\376\377\0002\000.\0005\000.\0004\000\040\001\020\036\267\000c\000\040\000t\036\243\000\040\000u\000s\000e\000\040\000c\000a\000s\000e\000\040\000`\000`\000K\000i\036\303\000m\000\040\000d\000u\000y\036\307\000t\000\040\001\021\000\341\000n\000h\000\040\000g\000i\000\341\000'\000'}{section.2.5}% 51
\BOOKMARK [2][-]{subsection.2.5.5}{\376\377\0002\000.\0005\000.\0005\000\040\001\020\036\267\000c\000\040\000t\036\243\000\040\000u\000s\000e\000\040\000c\000a\000s\000e\000\040\000`\000`\000T\000h\036\321\000n\000g\000\040\000k\000\352\000\040\000b\000\341\000o\000\040\000c\000\341\000o\000\040\000d\000o\000a\000n\000h\000\040\000t\000h\000u\000'\000'}{section.2.5}% 52
\BOOKMARK [2][-]{subsection.2.5.6}{\376\377\0002\000.\0005\000.\0006\000\040\001\020\036\267\000c\000\040\000t\036\243\000\040\000u\000s\000e\000\040\000c\000a\000s\000e\000\040\000`\000`\001\020\001\003\000n\000g\000\040\000n\000h\036\255\000p\000\040\000q\000u\036\243\000n\000\040\000t\000r\036\313\000'\000'}{section.2.5}% 53
\BOOKMARK [2][-]{subsection.2.5.7}{\376\377\0002\000.\0005\000.\0007\000\040\001\020\036\267\000c\000\040\000t\036\243\000\040\000u\000s\000e\000\040\000c\000a\000s\000e\000\040\000`\000`\000Q\000u\036\243\000n\000\040\000l\000\375\000\040\000d\000a\000n\000h\000\040\000m\036\345\000c\000\040\000s\036\243\000n\000\040\000p\000h\036\251\000m\000'\000'}{section.2.5}% 54
\BOOKMARK [2][-]{subsection.2.5.8}{\376\377\0002\000.\0005\000.\0008\000\040\001\020\036\267\000c\000\040\000t\036\243\000\040\000u\000s\000e\000\040\000c\000a\000s\000e\000\040\000`\000`\000Q\000u\036\243\000n\000\040\000l\000\375\000\040\000t\036\323\000n\000\040\000k\000h\000o\000'\000'}{section.2.5}% 55
\BOOKMARK [2][-]{subsection.2.5.9}{\376\377\0002\000.\0005\000.\0009\000\040\001\020\036\267\000c\000\040\000t\036\243\000\040\000u\000s\000e\000\040\000c\000a\000s\000e\000\040\000`\000`\000X\036\355\000\040\000l\000\375\000\040\001\021\036\325\000i\000/\000t\000r\036\243\000\040\000h\000\340\000n\000g\000'\000'}{section.2.5}% 56
\BOOKMARK [2][-]{subsection.2.5.10}{\376\377\0002\000.\0005\000.\0001\0000\000\040\001\020\036\267\000c\000\040\000t\036\243\000\040\000u\000s\000e\000\040\000c\000a\000s\000e\000\040\000`\000`\000Q\000u\036\243\000n\000\040\000l\000\375\000\040\000f\000l\000a\000s\000h\000\040\000s\000a\000l\000e\000'\000'}{section.2.5}% 57
\BOOKMARK [2][-]{subsection.2.5.11}{\376\377\0002\000.\0005\000.\0001\0001\000\040\001\020\036\267\000c\000\040\000t\036\243\000\040\000u\000s\000e\000\040\000c\000a\000s\000e\000\040\000`\000`\000Q\000u\036\243\000n\000\040\000l\000\375\000\040\000b\000a\000n\000n\000e\000r\000\040\000v\000\340\000\040\000n\036\331\000i\000\040\000d\000u\000n\000g\000'\000'}{section.2.5}% 58
\BOOKMARK [2][-]{subsection.2.5.12}{\376\377\0002\000.\0005\000.\0001\0002\000\040\001\020\036\267\000c\000\040\000t\036\243\000\040\000u\000s\000e\000\040\000c\000a\000s\000e\000\040\000`\000`\000Q\000u\036\243\000n\000\040\000l\000\375\000\040\000t\000\340\000i\000\040\000k\000h\000o\036\243\000n\000\040\000k\000h\000\341\000c\000h\000\040\000h\000\340\000n\000g\000'\000'}{section.2.5}% 59
\BOOKMARK [1][-]{section.2.6}{\376\377\0002\000.\0006\000\040\000Y\000\352\000u\000\040\000c\036\247\000u\000\040\000p\000h\000i\000\040\000c\000h\036\351\000c\000\040\000n\001\003\000n\000g}{chapter.2}% 60
\BOOKMARK [2][-]{subsection.2.6.1}{\376\377\0002\000.\0006\000.\0001\000\040\000Y\000\352\000u\000\040\000c\036\247\000u\000\040\000v\036\301\000\040\000b\036\243\000o\000\040\000m\036\255\000t}{section.2.6}% 61
\BOOKMARK [2][-]{subsection.2.6.2}{\376\377\0002\000.\0006\000.\0002\000\040\000Y\000\352\000u\000\040\000c\036\247\000u\000\040\000v\036\301\000\040\000h\000i\036\307\000u\000\040\000n\001\003\000n\000g}{section.2.6}% 62
\BOOKMARK [2][-]{subsection.2.6.3}{\376\377\0002\000.\0006\000.\0003\000\040\000Y\000\352\000u\000\040\000c\036\247\000u\000\040\000v\036\301\000\040\000k\000h\036\243\000\040\000n\001\003\000n\000g\000\040\000b\036\243\000o\000\040\000t\000r\000\354}{section.2.6}% 63
\BOOKMARK [2][-]{subsection.2.6.4}{\376\377\0002\000.\0006\000.\0004\000\040\000Y\000\352\000u\000\040\000c\036\247\000u\000\040\000v\036\301\000\040\000k\000h\036\243\000\040\000n\001\003\000n\000g\000\040\000m\036\337\000\040\000r\036\331\000n\000g}{section.2.6}% 64
\BOOKMARK [2][-]{subsection.2.6.5}{\376\377\0002\000.\0006\000.\0005\000\040\000Y\000\352\000u\000\040\000c\036\247\000u\000\040\000v\036\301\000\040\000t\000\355\000n\000h\000\040\000k\000h\036\243\000\040\000d\036\345\000n\000g\000\040\000v\000\340\000\040\000g\000i\000a\000o\000\040\000d\000i\036\307\000n}{section.2.6}% 65
\BOOKMARK [2][-]{subsection.2.6.6}{\376\377\0002\000.\0006\000.\0006\000\040\000Y\000\352\000u\000\040\000c\036\247\000u\000\040\000v\036\301\000\040\000c\001\241\000\040\000s\036\337\000\040\000d\036\357\000\040\000l\000i\036\307\000u}{section.2.6}% 66
\BOOKMARK [2][-]{subsection.2.6.7}{\376\377\0002\000.\0006\000.\0007\000\040\000M\000a\000\040\000t\000r\036\255\000n\000\040\000p\000h\000\342\000n\000\040\000q\000u\000y\036\301\000n}{section.2.6}% 67
\BOOKMARK [0][-]{chapter.3}{\376\377\0003\000\040\000C\000\364\000n\000g\000\040\000n\000g\000h\036\307\000\040\000s\036\355\000\040\000d\036\345\000n\000g}{}% 68
\BOOKMARK [1][-]{section.3.1}{\376\377\0003\000.\0001\000\040\000N\000e\000x\000t\000.\000j\000s\000,\000\040\000R\000e\000a\000c\000t\000\040\000v\000\340\000\040\000T\000y\000p\000e\000S\000c\000r\000i\000p\000t}{chapter.3}% 69
\BOOKMARK [2][-]{subsection.3.1.1}{\376\377\0003\000.\0001\000.\0001\000\040\000R\000e\000a\000c\000t}{section.3.1}% 70
\BOOKMARK [2][-]{subsection.3.1.2}{\376\377\0003\000.\0001\000.\0002\000\040\000N\000e\000x\000t\000.\000j\000s\000\040\0001\0004\000\040\000v\036\333\000i\000\040\000A\000p\000p\000\040\000R\000o\000u\000t\000e\000r}{section.3.1}% 71
\BOOKMARK [2][-]{subsection.3.1.3}{\376\377\0003\000.\0001\000.\0003\000\040\000T\000y\000p\000e\000S\000c\000r\000i\000p\000t}{section.3.1}% 72
\BOOKMARK [1][-]{section.3.2}{\376\377\0003\000.\0002\000\040\000P\000r\000i\000s\000m\000a\000,\000\040\000P\000o\000s\000t\000g\000r\000e\000S\000Q\000L\000\040\000v\000\340\000\040\000S\000u\000p\000a\000b\000a\000s\000e}{chapter.3}% 73
\BOOKMARK [2][-]{subsection.3.2.1}{\376\377\0003\000.\0002\000.\0001\000\040\000P\000o\000s\000t\000g\000r\000e\000S\000Q\000L}{section.3.2}% 74
\BOOKMARK [2][-]{subsection.3.2.2}{\376\377\0003\000.\0002\000.\0002\000\040\000S\000u\000p\000a\000b\000a\000s\000e}{section.3.2}% 75
\BOOKMARK [2][-]{subsection.3.2.3}{\376\377\0003\000.\0002\000.\0003\000\040\000P\000r\000i\000s\000m\000a\000\040\000O\000R\000M}{section.3.2}% 76
\BOOKMARK [1][-]{section.3.3}{\376\377\0003\000.\0003\000\040\000T\000\355\000c\000h\000\040\000h\036\343\000p\000\040\000d\036\313\000c\000h\000\040\000v\036\345\000\040\000b\000\352\000n\000\040\000n\000g\000o\000\340\000i}{chapter.3}% 77
\BOOKMARK [2][-]{subsection.3.3.1}{\376\377\0003\000.\0003\000.\0001\000\040\000C\036\325\000n\000g\000\040\000t\000h\000a\000n\000h\000\040\000t\000o\000\341\000n\000\040\000P\000a\000y\000O\000S}{section.3.3}% 78
\BOOKMARK [2][-]{subsection.3.3.2}{\376\377\0003\000.\0003\000.\0002\000\040\000R\000e\000s\000e\000n\000d\000\040\000v\000\340\000\040\000U\000p\000s\000t\000a\000s\000h}{section.3.3}% 79
\BOOKMARK [1][-]{section.3.4}{\376\377\0003\000.\0004\000\040\000T\000h\001\260\000\040\000v\000i\036\307\000n\000\040\000g\000i\000a\000o\000\040\000d\000i\036\307\000n\000\040\000v\000\340\000\040\000c\000\364\000n\000g\000\040\000c\036\345\000\040\000h\036\327\000\040\000t\000r\036\343}{chapter.3}% 80
\BOOKMARK [1][-]{section.3.5}{\376\377\0003\000.\0005\000\040\000N\036\301\000n\000\040\000t\036\243\000n\000g\000\040\000t\000r\000i\036\303\000n\000\040\000k\000h\000a\000i}{chapter.3}% 81
\BOOKMARK [0][-]{chapter.4}{\376\377\0004\000\040\000P\000h\000\341\000t\000\040\000t\000r\000i\036\303\000n\000\040\000v\000\340\000\040\000t\000r\000i\036\303\000n\000\040\000k\000h\000a\000i\000\040\036\351\000n\000g\000\040\000d\036\345\000n\000g}{}% 82
\BOOKMARK [1][-]{section.4.1}{\376\377\0004\000.\0001\000\040\000T\000h\000i\036\277\000t\000\040\000k\036\277\000\040\000k\000i\036\277\000n\000\040\000t\000r\000\372\000c}{chapter.4}% 83
\BOOKMARK [2][-]{subsection.4.1.1}{\376\377\0004\000.\0001\000.\0001\000\040\000L\036\361\000a\000\040\000c\000h\036\315\000n\000\040\000k\000i\036\277\000n\000\040\000t\000r\000\372\000c\000\040\000p\000h\036\247\000n\000\040\000m\036\301\000m}{section.4.1}% 84
\BOOKMARK [1][-]{section.4.2}{\376\377\0004\000.\0002\000\040\000T\000h\000i\036\277\000t\000\040\000k\036\277\000\040\000t\036\325\000n\000g\000\040\000q\000u\000a\000n}{chapter.4}% 85
\BOOKMARK [2][-]{subsection.4.2.1}{\376\377\0004\000.\0002\000.\0001\000\040\000M\000\364\000\040\000t\036\243\000\040\000t\036\325\000n\000g\000\040\000q\000u\000\341\000t}{section.4.2}% 86
\BOOKMARK [2][-]{subsection.4.2.2}{\376\377\0004\000.\0002\000.\0002\000\040\000L\000u\036\323\000n\000g\000\040\000x\036\355\000\040\000l\000\375\000\040\000t\036\325\000n\000g\000\040\000q\000u\000\341\000t}{section.4.2}% 87
\BOOKMARK [1][-]{section.4.3}{\376\377\0004\000.\0003\000\040\000T\000h\000i\036\277\000t\000\040\000k\036\277\000\040\000c\000h\000i\000\040\000t\000i\036\277\000t}{chapter.4}% 88
\BOOKMARK [2][-]{subsection.4.3.1}{\376\377\0004\000.\0003\000.\0001\000\040\000T\000h\000i\036\277\000t\000\040\000k\036\277\000\040\000c\001\241\000\040\000s\036\337\000\040\000d\036\357\000\040\000l\000i\036\307\000u}{section.4.3}% 89
\BOOKMARK [2][-]{subsection.4.3.2}{\376\377\0004\000.\0003\000.\0002\000\040\000C\000\341\000c\000\040\000k\000i\036\303\000u\000\040\000l\000i\036\307\000t\000\040\000k\000\352\000\040\000\050\000e\000n\000u\000m\000\051}{section.4.3}% 90
\BOOKMARK [2][-]{subsection.4.3.3}{\376\377\0004\000.\0003\000.\0003\000\040\000R\000\340\000n\000g\000\040\000b\000u\036\331\000c\000\040\000d\000u\000y\000\040\000n\000h\036\245\000t\000\040\000v\000\340\000\040\000c\000h\036\311\000\040\000m\036\345\000c}{section.4.3}% 91
\BOOKMARK [1][-]{section.4.4}{\376\377\0004\000.\0004\000\040\000X\000\342\000y\000\040\000d\036\361\000n\000g\000\040\036\351\000n\000g\000\040\000d\036\345\000n\000g}{chapter.4}% 92
\BOOKMARK [2][-]{subsection.4.4.1}{\376\377\0004\000.\0004\000.\0001\000\040\000T\000h\001\260\000\040\000v\000i\036\307\000n\000\040\000v\000\340\000\040\000c\000\364\000n\000g\000\040\000c\036\345\000\040\000s\036\355\000\040\000d\036\345\000n\000g}{section.4.4}% 93
\BOOKMARK [2][-]{subsection.4.4.2}{\376\377\0004\000.\0004\000.\0002\000\040\000K\036\277\000t\000\040\000q\000u\036\243\000\040\001\021\036\241\000t\000\040\001\021\001\260\036\343\000c}{section.4.4}% 94
\BOOKMARK [2][-]{subsection.4.4.3}{\376\377\0004\000.\0004\000.\0003\000\040\000G\000i\000a\000o\000\040\000d\000i\036\307\000n\000\040\000c\000\341\000c\000\040\000c\000h\036\351\000c\000\040\000n\001\003\000n\000g\000\040\000c\000h\000\355\000n\000h}{section.4.4}% 95
\BOOKMARK [1][-]{section.4.5}{\376\377\0004\000.\0005\000\040\000K\000i\036\303\000m\000\040\000t\000h\036\355}{chapter.4}% 96
\BOOKMARK [2][-]{subsection.4.5.1}{\376\377\0004\000.\0005\000.\0001\000\040\000X\000\342\000y\000\040\000d\036\361\000n\000g\000\040\000m\036\331\000t\000\040\000s\036\321\000\040\000t\000e\000s\000t\000c\000a\000s\000e\000\040\000v\000\340\000\040\000k\036\277\000t\000\040\000q\000u\036\243\000\040\001\021\036\241\000t\000\040\001\021\001\260\036\343\000c}{section.4.5}% 97
\BOOKMARK [1][-]{section.4.6}{\376\377\0004\000.\0006\000\040\000T\000r\000i\036\303\000n\000\040\000k\000h\000a\000i}{chapter.4}% 98
\BOOKMARK [0][-]{chapter.5}{\376\377\0005\000\040\000C\000\341\000c\000\040\000g\000i\036\243\000i\000\040\000p\000h\000\341\000p\000\040\000v\000\340\000\040\001\021\000\363\000n\000g\000\040\000g\000\363\000p\000\040\000n\036\325\000i\000\040\000b\036\255\000t}{}% 99
\BOOKMARK [1][-]{section.5.1}{\376\377\0005\000.\0001\000\040\000T\000h\000a\000n\000h\000\040\000t\000o\000\341\000n\000\040\000t\000r\036\361\000c\000\040\000t\000u\000y\036\277\000n\000\040\000v\000\340\000\040\000t\036\361\000\040\001\021\036\331\000n\000g\000\040\000h\036\347\000y\000\040\001\021\001\241\000n\000\040\000q\000u\000\341\000\040\000h\036\241\000n}{chapter.5}% 100
\BOOKMARK [2][-]{subsection.5.1.1}{\376\377\0005\000.\0001\000.\0001\000\040\000V\036\245\000n\000\040\001\021\036\301}{section.5.1}% 101
\BOOKMARK [2][-]{subsection.5.1.2}{\376\377\0005\000.\0001\000.\0002\000\040\000G\000i\036\243\000i\000\040\000p\000h\000\341\000p}{section.5.1}% 102
\BOOKMARK [1][-]{section.5.2}{\376\377\0005\000.\0002\000\040\001\020\036\243\000m\000\040\000b\036\243\000o\000\040\000n\000h\036\245\000t\000\040\000q\000u\000\341\000n\000\040\000d\036\357\000\040\000l\000i\036\307\000u\000\040\000k\000h\000i\000\040\001\021\036\267\000t\000\040\000h\000\340\000n\000g}{chapter.5}% 103
\BOOKMARK [2][-]{subsection.5.2.1}{\376\377\0005\000.\0002\000.\0001\000\040\000V\036\245\000n\000\040\001\021\036\301}{section.5.2}% 104
\BOOKMARK [2][-]{subsection.5.2.2}{\376\377\0005\000.\0002\000.\0002\000\040\000G\000i\036\243\000i\000\040\000p\000h\000\341\000p}{section.5.2}% 105
\BOOKMARK [1][-]{section.5.3}{\376\377\0005\000.\0003\000\040\000Q\000u\036\243\000n\000\040\000l\000\375\000\040\000c\000h\001\260\001\241\000n\000g\000\040\000t\000r\000\354\000n\000h\000\040\000k\000h\000u\000y\036\277\000n\000\040\000m\000\343\000i}{chapter.5}% 106
\BOOKMARK [2][-]{subsection.5.3.1}{\376\377\0005\000.\0003\000.\0001\000\040\000V\036\245\000n\000\040\001\021\036\301}{section.5.3}% 107
\BOOKMARK [2][-]{subsection.5.3.2}{\376\377\0005\000.\0003\000.\0002\000\040\000G\000i\036\243\000i\000\040\000p\000h\000\341\000p}{section.5.3}% 108
\BOOKMARK [1][-]{section.5.4}{\376\377\0005\000.\0004\000\040\000T\000\354\000m\000\040\000k\000i\036\277\000m\000\040\000s\036\243\000n\000\040\000p\000h\036\251\000m\000\040\000t\000i\036\277\000n\000g\000\040\000V\000i\036\307\000t\000\040\000k\000h\000\364\000n\000g\000\040\000d\036\245\000u}{chapter.5}% 109
\BOOKMARK [2][-]{subsection.5.4.1}{\376\377\0005\000.\0004\000.\0001\000\040\000V\036\245\000n\000\040\001\021\036\301}{section.5.4}% 110
\BOOKMARK [2][-]{subsection.5.4.2}{\376\377\0005\000.\0004\000.\0002\000\040\000G\000i\036\243\000i\000\040\000p\000h\000\341\000p}{section.5.4}% 111
\BOOKMARK [1][-]{section.5.5}{\376\377\0005\000.\0005\000\040\000B\036\243\000o\000\040\000m\036\255\000t\000\040\000d\036\357\000\040\000l\000i\036\307\000u\000\040\000m\036\351\000c\000\040\000d\000\362\000n\000g}{chapter.5}% 112
\BOOKMARK [2][-]{subsection.5.5.1}{\376\377\0005\000.\0005\000.\0001\000\040\000V\036\245\000n\000\040\001\021\036\301}{section.5.5}% 113
\BOOKMARK [2][-]{subsection.5.5.2}{\376\377\0005\000.\0005\000.\0002\000\040\000G\000i\036\243\000i\000\040\000p\000h\000\341\000p}{section.5.5}% 114
\BOOKMARK [1][-]{section.5.6}{\376\377\0005\000.\0006\000\040\000Q\000u\036\243\000n\000\040\000l\000\375\000\040\000n\036\331\000i\000\040\000d\000u\000n\000g\000\040\000t\000r\000a\000n\000g\000\040\000c\000h\036\347}{chapter.5}% 115
\BOOKMARK [2][-]{subsection.5.6.1}{\376\377\0005\000.\0006\000.\0001\000\040\000V\036\245\000n\000\040\001\021\036\301}{section.5.6}% 116
\BOOKMARK [2][-]{subsection.5.6.2}{\376\377\0005\000.\0006\000.\0002\000\040\000G\000i\036\243\000i\000\040\000p\000h\000\341\000p}{section.5.6}% 117
\BOOKMARK [0][-]{chapter.6}{\376\377\0006\000\040\000K\036\277\000t\000\040\000l\000u\036\255\000n\000\040\000v\000\340\000\040\000h\001\260\036\333\000n\000g\000\040\000p\000h\000\341\000t\000\040\000t\000r\000i\036\303\000n}{}% 118
\BOOKMARK [1][-]{section.6.1}{\376\377\0006\000.\0001\000\040\000K\036\277\000t\000\040\000l\000u\036\255\000n}{chapter.6}% 119
\BOOKMARK [1][-]{section.6.2}{\376\377\0006\000.\0002\000\040\000H\001\260\036\333\000n\000g\000\040\000p\000h\000\341\000t\000\040\000t\000r\000i\036\303\000n}{chapter.6}% 120
\BOOKMARK [0][-]{chapter*.35}{\376\377\000T\000\340\000i\000\040\000l\000i\036\307\000u\000\040\000t\000h\000a\000m\000\040\000k\000h\036\243\000o}{}% 121
